#
# There is insufficient memory for the Java Runtime Environment to continue.
# Native memory allocation (malloc) failed to allocate 1839920 bytes. Error detail: Chunk::new
# Possible reasons:
#   The system is out of physical RAM or swap space
#   This process is running with CompressedOops enabled, and the Java Heap may be blocking the growth of the native heap
# Possible solutions:
#   Reduce memory load on the system
#   Increase physical memory or swap space
#   Check if swap backing store is full
#   Decrease Java heap size (-Xmx/-Xms)
#   Decrease number of Java threads
#   Decrease Java thread stack sizes (-Xss)
#   Set larger code cache with -XX:ReservedCodeCacheSize=
#   JVM is running with Unscaled Compressed Oops mode in which the Java heap is
#     placed in the first 4GB address space. The Java Heap base address is the
#     maximum limit for the native heap growth. Please use -XX:HeapBaseMinAddress
#     to set the Java Heap base and to place the Java Heap above 4GB virtual address.
# This output file may be truncated or incomplete.
#
#  Out of Memory Error (arena.cpp:168), pid=51004, tid=52840
#
# JRE version: OpenJDK Runtime Environment Temurin-21.0.10+7 (21.0.10+7) (build 21.0.10+7-LTS)
# Java VM: OpenJDK 64-Bit Server VM Temurin-21.0.10+7 (21.0.10+7-LTS, mixed mode, sharing, tiered, compressed oops, compressed class ptrs, parallel gc, windows-amd64)
# No core dump will be written. Minidumps are not enabled by default on client versions of Windows
#

---------------  S U M M A R Y ------------

Command Line: --add-modules=ALL-SYSTEM --add-opens=java.base/java.util=ALL-UNNAMED --add-opens=java.base/java.lang=ALL-UNNAMED --add-opens=java.base/sun.nio.fs=ALL-UNNAMED -Declipse.application=org.eclipse.jdt.ls.core.id1 -Dosgi.bundles.defaultStartLevel=4 -Declipse.product=org.eclipse.jdt.ls.core.product -Djava.import.generatesMetadataFilesAtProjectRoot=false -DDetectVMInstallationsJob.disabled=true -Dfile.encoding=utf8 -XX:+UseParallelGC -XX:GCTimeRatio=4 -XX:AdaptiveSizePolicyWeight=90 -Dsun.zip.disableMemoryMapping=true -Xmx2G -Xms100m -Xlog:disable -javaagent:c:\Users\±čÁöżř\.vscode\extensions\redhat.java-1.53.0-win32-x64\lombok\lombok-1.18.39-4050.jar c:\Users\±čÁöżř\.vscode\extensions\redhat.java-1.53.0-win32-x64\server\plugins\org.eclipse.equinox.launcher_1.7.100.v20251111-0406.jar -configuration c:\Users\±čÁöżř\AppData\Roaming\Code\User\globalStorage\redhat.java\1.53.0\config_ss_win -data c:\Users\±čÁöżř\AppData\Roaming\Code\User\workspaceStorage\d4a8573b4797f29adccac05eaacb501b\redhat.java\ss_ws --pipe=\\.\pipe\lsp-fc6c79367fcf3e91bbc4f5a19a884228-sock

Host: Intel(R) Core(TM) i7-8700 CPU @ 3.20GHz, 12 cores, 31G,  Windows 10 , 64 bit Build 19041 (10.0.19041.5072)
Time: Thu Apr  2 20:08:39 2026 elapsed time: 3.527899 seconds (0d 0h 0m 3s)

---------------  T H R E A D  ---------------

Current thread (0x000001ca04018310):  JavaThread "C2 CompilerThread0" daemon [_thread_in_native, id=52840, stack(0x000000216f100000,0x000000216f200000) (1024K)]


Current CompileTask:
C2:3528 2681       4       org.lombokweb.asm.ClassReader::readMethod (1070 bytes)

Stack: [0x000000216f100000,0x000000216f200000]
Native frames: (J=compiled Java code, j=interpreted, Vv=VM code, C=native code)
V  [jvm.dll+0x6d7a39]
V  [jvm.dll+0x8b4b26]
V  [jvm.dll+0x8b70de]
V  [jvm.dll+0x8b77c3]
V  [jvm.dll+0x284346]
V  [jvm.dll+0xc66ed]
V  [jvm.dll+0xc6c31]
V  [jvm.dll+0x3bec3b]
V  [jvm.dll+0x1e3f69]
V  [jvm.dll+0x24c6b3]
V  [jvm.dll+0x24bb40]
V  [jvm.dll+0x1cb34e]
V  [jvm.dll+0x25b85d]
V  [jvm.dll+0x259dea]
V  [jvm.dll+0x3f857e]
V  [jvm.dll+0x85f59d]
V  [jvm.dll+0x6d626d]
C  [ucrtbase.dll+0x21bb2]
C  [KERNEL32.DLL+0x17374]
C  [ntdll.dll+0x4cc91]


---------------  P R O C E S S  ---------------

Threads class SMR info:
_java_thread_list=0x000001ca094a4b00, length=20, elements={
0x000001ca21fe43c0, 0x000001ca21f961f0, 0x000001ca21f97950, 0x000001ca04011a00,
0x000001ca04012920, 0x000001ca04015650, 0x000001ca040170c0, 0x000001ca04018310,
0x000001ca0403d600, 0x000001ca04205c30, 0x000001ca0434c810, 0x000001ca0794cdf0,
0x000001ca0794f550, 0x000001ca0794db10, 0x000001ca0794d480, 0x000001ca0794e1a0,
0x000001ca0794eec0, 0x000001ca0794c0d0, 0x000001ca07706f90, 0x000001ca089690f0
}

Java Threads: ( => current thread )
  0x000001ca21fe43c0 JavaThread "main"                              [_thread_blocked, id=52804, stack(0x000000216e700000,0x000000216e800000) (1024K)]
  0x000001ca21f961f0 JavaThread "Reference Handler"          daemon [_thread_blocked, id=52948, stack(0x000000216eb00000,0x000000216ec00000) (1024K)]
  0x000001ca21f97950 JavaThread "Finalizer"                  daemon [_thread_blocked, id=52952, stack(0x000000216ec00000,0x000000216ed00000) (1024K)]
  0x000001ca04011a00 JavaThread "Signal Dispatcher"          daemon [_thread_blocked, id=52872, stack(0x000000216ed00000,0x000000216ee00000) (1024K)]
  0x000001ca04012920 JavaThread "Attach Listener"            daemon [_thread_blocked, id=52916, stack(0x000000216ee00000,0x000000216ef00000) (1024K)]
  0x000001ca04015650 JavaThread "Service Thread"             daemon [_thread_blocked, id=52936, stack(0x000000216ef00000,0x000000216f000000) (1024K)]
  0x000001ca040170c0 JavaThread "Monitor Deflation Thread"   daemon [_thread_blocked, id=52900, stack(0x000000216f000000,0x000000216f100000) (1024K)]
=>0x000001ca04018310 JavaThread "C2 CompilerThread0"         daemon [_thread_in_native, id=52840, stack(0x000000216f100000,0x000000216f200000) (1024K)]
  0x000001ca0403d600 JavaThread "C1 CompilerThread0"         daemon [_thread_blocked, id=52912, stack(0x000000216f200000,0x000000216f300000) (1024K)]
  0x000001ca04205c30 JavaThread "Common-Cleaner"             daemon [_thread_blocked, id=32520, stack(0x000000216f300000,0x000000216f400000) (1024K)]
  0x000001ca0434c810 JavaThread "Notification Thread"        daemon [_thread_blocked, id=52456, stack(0x000000216f400000,0x000000216f500000) (1024K)]
  0x000001ca0794cdf0 JavaThread "Active Thread: Equinox Container: 7bc3ae90-9051-48f0-8b7b-2ae3c8a5b525"        [_thread_blocked, id=8760, stack(0x000000216fd00000,0x000000216fe00000) (1024K)]
  0x000001ca0794f550 JavaThread "Framework Event Dispatcher: Equinox Container: 7bc3ae90-9051-48f0-8b7b-2ae3c8a5b525" daemon [_thread_blocked, id=48248, stack(0x000000216ff00000,0x0000002170000000) (1024K)]
  0x000001ca0794db10 JavaThread "Start Level: Equinox Container: 7bc3ae90-9051-48f0-8b7b-2ae3c8a5b525" daemon [_thread_in_native, id=36796, stack(0x0000002170000000,0x0000002170100000) (1024K)]
  0x000001ca0794d480 JavaThread "SCR Component Actor"        daemon [_thread_blocked, id=52396, stack(0x0000002170100000,0x0000002170200000) (1024K)]
  0x000001ca0794e1a0 JavaThread "Worker-JM"                         [_thread_blocked, id=28828, stack(0x0000002170200000,0x0000002170300000) (1024K)]
  0x000001ca0794eec0 JavaThread "Worker-0"                          [_thread_blocked, id=30016, stack(0x000000216f600000,0x000000216f700000) (1024K)]
  0x000001ca0794c0d0 JavaThread "Worker-1"                          [_thread_blocked, id=15792, stack(0x0000002170500000,0x0000002170600000) (1024K)]
  0x000001ca07706f90 JavaThread "C2 CompilerThread1"         daemon [_thread_blocked, id=53048, stack(0x000000216f500000,0x000000216f600000) (1024K)]
  0x000001ca089690f0 JavaThread "C2 CompilerThread2"         daemon [_thread_blocked, id=52616, stack(0x0000002170600000,0x0000002170700000) (1024K)]
Total: 20

Other Threads:
  0x000001ca220a1ae0 VMThread "VM Thread"                           [id=53024, stack(0x000000216ea00000,0x000000216eb00000) (1024K)]
  0x000001ca2204d8b0 WatcherThread "VM Periodic Task Thread"        [id=52760, stack(0x000000216e900000,0x000000216ea00000) (1024K)]
  0x000001ca22000d80 WorkerThread "GC Thread#0"                     [id=46864, stack(0x000000216e800000,0x000000216e900000) (1024K)]
  0x000001ca07e25210 WorkerThread "GC Thread#1"                     [id=44200, stack(0x000000216f700000,0x000000216f800000) (1024K)]
  0x000001ca07e255c0 WorkerThread "GC Thread#2"                     [id=36820, stack(0x000000216f800000,0x000000216f900000) (1024K)]
  0x000001ca07f24210 WorkerThread "GC Thread#3"                     [id=50508, stack(0x000000216f900000,0x000000216fa00000) (1024K)]
  0x000001ca07f245c0 WorkerThread "GC Thread#4"                     [id=44224, stack(0x000000216fa00000,0x000000216fb00000) (1024K)]
  0x000001ca07f24970 WorkerThread "GC Thread#5"                     [id=20436, stack(0x000000216fb00000,0x000000216fc00000) (1024K)]
  0x000001ca07aaf040 WorkerThread "GC Thread#6"                     [id=28504, stack(0x000000216fc00000,0x000000216fd00000) (1024K)]
  0x000001ca07b20260 WorkerThread "GC Thread#7"                     [id=45312, stack(0x000000216fe00000,0x000000216ff00000) (1024K)]
  0x000001ca0836e770 WorkerThread "GC Thread#8"                     [id=52320, stack(0x0000002170300000,0x0000002170400000) (1024K)]
  0x000001ca082c7010 WorkerThread "GC Thread#9"                     [id=52452, stack(0x0000002170400000,0x0000002170500000) (1024K)]
Total: 12

Threads with active compile tasks:
C2 CompilerThread0  3628 2681       4       org.lombokweb.asm.ClassReader::readMethod (1070 bytes)
C2 CompilerThread1  3628 2960       4       java.lang.invoke.MethodType::equals (25 bytes)
Total: 2

VM state: not at safepoint (normal execution)

VM Mutex/Monitor currently owned by a thread: None

Heap address: 0x0000000080000000, size: 2048 MB, Compressed Oops mode: 32-bit

CDS archive(s) mapped at: [0x000001ca39000000-0x000001ca39ba0000-0x000001ca39ba0000), size 12189696, SharedBaseAddress: 0x000001ca39000000, ArchiveRelocationMode: 1.
Compressed class space mapped at: 0x000001ca3a000000-0x000001ca7a000000, reserved size: 1073741824
Narrow klass base: 0x000001ca39000000, Narrow klass shift: 0, Narrow klass range: 0x100000000

GC Precious Log:
 CardTable entry size: 512
 CPUs: 12 total, 12 available
 Memory: 32709M
 Large Page Support: Disabled
 NUMA Support: Disabled
 Compressed Oops: Enabled (32-bit)
 Alignments: Space 512K, Generation 512K, Heap 2M
 Heap Min Capacity: 100M
 Heap Initial Capacity: 100M
 Heap Max Capacity: 2G
 Pre-touch: Disabled
 Parallel Workers: 10

Heap:
 PSYoungGen      total 30208K, used 10327K [0x00000000d5580000, 0x00000000d7a00000, 0x0000000100000000)
  eden space 24576K, 42% used [0x00000000d5580000,0x00000000d5f95d10,0x00000000d6d80000)
  from space 5632K, 0% used [0x00000000d7380000,0x00000000d7380000,0x00000000d7900000)
  to   space 6144K, 0% used [0x00000000d6d80000,0x00000000d6d80000,0x00000000d7380000)
 ParOldGen       total 68608K, used 10382K [0x0000000080000000, 0x0000000084300000, 0x00000000d5580000)
  object space 68608K, 15% used [0x0000000080000000,0x0000000080a23950,0x0000000084300000)
 Metaspace       used 22430K, committed 23104K, reserved 1114112K
  class space    used 2144K, committed 2432K, reserved 1048576K

Card table byte_map: [0x000001ca21990000,0x000001ca21da0000] _byte_map_base: 0x000001ca21590000

Marking Bits: (ParMarkBitMap*) 0x00007fff6e143450
 Begin Bits: [0x000001ca344a0000, 0x000001ca364a0000)
 End Bits:   [0x000001ca364a0000, 0x000001ca384a0000)

Polling page: 0x000001ca1ff80000

Metaspace:

Usage:
  Non-class:     19.81 MB used.
      Class:      2.09 MB used.
       Both:     21.90 MB used.

Virtual space:
  Non-class space:       64.00 MB reserved,      20.19 MB ( 32%) committed,  1 nodes.
      Class space:        1.00 GB reserved,       2.38 MB ( <1%) committed,  1 nodes.
             Both:        1.06 GB reserved,      22.56 MB (  2%) committed. 

Chunk freelists:
   Non-Class:  11.47 MB
       Class:  13.46 MB
        Both:  24.93 MB

MaxMetaspaceSize: unlimited
CompressedClassSpaceSize: 1.00 GB
Initial GC threshold: 21.00 MB
Current GC threshold: 35.00 MB
CDS: on
 - commit_granule_bytes: 65536.
 - commit_granule_words: 8192.
 - virtual_space_node_default_size: 8388608.
 - enlarge_chunks_in_place: 1.
 - use_allocation_guard: 0.


Internal statistics:

num_allocs_failed_limit: 3.
num_arena_births: 518.
num_arena_deaths: 14.
num_vsnodes_births: 2.
num_vsnodes_deaths: 0.
num_space_committed: 361.
num_space_uncommitted: 0.
num_chunks_returned_to_freelist: 17.
num_chunks_taken_from_freelist: 1347.
num_chunk_merges: 7.
num_chunk_splits: 892.
num_chunks_enlarged: 582.
num_inconsistent_stats: 0.

CodeHeap 'non-profiled nmethods': size=120000Kb used=1408Kb max_used=1408Kb free=118591Kb
 bounds [0x000001ca2ccc0000, 0x000001ca2cf30000, 0x000001ca341f0000]
CodeHeap 'profiled nmethods': size=120000Kb used=5785Kb max_used=5785Kb free=114215Kb
 bounds [0x000001ca251f0000, 0x000001ca257a0000, 0x000001ca2c720000]
CodeHeap 'non-nmethods': size=5760Kb used=1315Kb max_used=1344Kb free=4444Kb
 bounds [0x000001ca2c720000, 0x000001ca2c990000, 0x000001ca2ccc0000]
CodeCache: size=245760Kb, used=8508Kb, max_used=8537Kb, free=237250Kb
 total_blobs=3557, nmethods=2955, adapters=508, full_count=0
Compilation: enabled, stopped_count=0, restarted_count=0

Compilation events (20 events):
Event: 3.502 Thread 0x000001ca0403d600 2895       3       java.lang.invoke.MethodHandles$Lookup::makeHiddenClassDefiner (20 bytes)
Event: 3.502 Thread 0x000001ca0403d600 nmethod 2895 0x000001ca25776590 code [0x000001ca25776760, 0x000001ca25776a68]
Event: 3.502 Thread 0x000001ca0403d600 2897       3       java.lang.invoke.MethodHandles$Lookup$ClassOption::optionsToFlag (40 bytes)
Event: 3.502 Thread 0x000001ca0403d600 nmethod 2897 0x000001ca25776c10 code [0x000001ca25776e00, 0x000001ca257772f8]
Event: 3.502 Thread 0x000001ca0403d600 2896       3       java.lang.invoke.MethodHandles$Lookup::makeHiddenClassDefiner (44 bytes)
Event: 3.503 Thread 0x000001ca0403d600 nmethod 2896 0x000001ca25777490 code [0x000001ca257776c0, 0x000001ca25777d90]
Event: 3.503 Thread 0x000001ca0403d600 2898       3       java.util.concurrent.Semaphore$NonfairSync::tryAcquireShared (6 bytes)
Event: 3.503 Thread 0x000001ca0403d600 nmethod 2898 0x000001ca25778090 code [0x000001ca25778240, 0x000001ca25778378]
Event: 3.504 Thread 0x000001ca089690f0 2899       4       java.util.ImmutableCollections$SetN::probe (56 bytes)
Event: 3.507 Thread 0x000001ca089690f0 nmethod 2899 0x000001ca2ce13410 code [0x000001ca2ce135c0, 0x000001ca2ce13870]
Event: 3.511 Thread 0x000001ca089690f0 2900       4       java.util.HashMap::putVal (300 bytes)
Event: 3.515 Thread 0x000001ca0403d600 2901       3       java.lang.invoke.MethodHandles$Lookup::getDirectConstructorCommon (69 bytes)
Event: 3.516 Thread 0x000001ca0403d600 nmethod 2901 0x000001ca25778410 code [0x000001ca25778620, 0x000001ca25778b40]
Event: 3.516 Thread 0x000001ca0403d600 2902       3       java.lang.invoke.MemberName::asConstructor (58 bytes)
Event: 3.516 Thread 0x000001ca0403d600 nmethod 2902 0x000001ca25778d90 code [0x000001ca25778fc0, 0x000001ca257795c8]
Event: 3.517 Thread 0x000001ca07706f90 2903       4       java.util.LinkedHashMap::linkNodeAtEnd (76 bytes)
Event: 3.517 Thread 0x000001ca0403d600 2904       1       sun.nio.fs.WindowsFileSystem::provider (5 bytes)
Event: 3.518 Thread 0x000001ca0403d600 nmethod 2904 0x000001ca2ce13a90 code [0x000001ca2ce13c20, 0x000001ca2ce13ce8]
Event: 3.518 Thread 0x000001ca07706f90 nmethod 2903 0x000001ca2ce13d90 code [0x000001ca2ce13f20, 0x000001ca2ce14040]
Event: 3.521 Thread 0x000001ca089690f0 nmethod 2900 0x000001ca2ce14110 code [0x000001ca2ce14340, 0x000001ca2ce14b10]

GC Heap History (14 events):
Event: 0.837 GC heap before
{Heap before GC invocations=1 (full 0):
 PSYoungGen      total 29696K, used 25600K [0x00000000d5580000, 0x00000000d7680000, 0x0000000100000000)
  eden space 25600K, 100% used [0x00000000d5580000,0x00000000d6e80000,0x00000000d6e80000)
  from space 4096K, 0% used [0x00000000d7280000,0x00000000d7280000,0x00000000d7680000)
  to   space 4096K, 0% used [0x00000000d6e80000,0x00000000d6e80000,0x00000000d7280000)
 ParOldGen       total 68608K, used 0K [0x0000000080000000, 0x0000000084300000, 0x00000000d5580000)
  object space 68608K, 0% used [0x0000000080000000,0x0000000080000000,0x0000000084300000)
 Metaspace       used 4492K, committed 4672K, reserved 1114112K
  class space    used 501K, committed 576K, reserved 1048576K
}
Event: 0.845 GC heap after
{Heap after GC invocations=1 (full 0):
 PSYoungGen      total 29696K, used 4069K [0x00000000d5580000, 0x00000000d7680000, 0x0000000100000000)
  eden space 25600K, 0% used [0x00000000d5580000,0x00000000d5580000,0x00000000d6e80000)
  from space 4096K, 99% used [0x00000000d6e80000,0x00000000d7279610,0x00000000d7280000)
  to   space 4096K, 0% used [0x00000000d7280000,0x00000000d7280000,0x00000000d7680000)
 ParOldGen       total 68608K, used 143K [0x0000000080000000, 0x0000000084300000, 0x00000000d5580000)
  object space 68608K, 0% used [0x0000000080000000,0x0000000080023fe0,0x0000000084300000)
 Metaspace       used 4492K, committed 4672K, reserved 1114112K
  class space    used 501K, committed 576K, reserved 1048576K
}
Event: 1.596 GC heap before
{Heap before GC invocations=2 (full 0):
 PSYoungGen      total 29696K, used 29669K [0x00000000d5580000, 0x00000000d7680000, 0x0000000100000000)
  eden space 25600K, 100% used [0x00000000d5580000,0x00000000d6e80000,0x00000000d6e80000)
  from space 4096K, 99% used [0x00000000d6e80000,0x00000000d7279610,0x00000000d7280000)
  to   space 4096K, 0% used [0x00000000d7280000,0x00000000d7280000,0x00000000d7680000)
 ParOldGen       total 68608K, used 143K [0x0000000080000000, 0x0000000084300000, 0x00000000d5580000)
  object space 68608K, 0% used [0x0000000080000000,0x0000000080023fe0,0x0000000084300000)
 Metaspace       used 8130K, committed 8448K, reserved 1114112K
  class space    used 852K, committed 1024K, reserved 1048576K
}
Event: 1.602 GC heap after
{Heap after GC invocations=2 (full 0):
 PSYoungGen      total 29696K, used 4079K [0x00000000d5580000, 0x00000000d7680000, 0x0000000100000000)
  eden space 25600K, 0% used [0x00000000d5580000,0x00000000d5580000,0x00000000d6e80000)
  from space 4096K, 99% used [0x00000000d7280000,0x00000000d767be30,0x00000000d7680000)
  to   space 4096K, 0% used [0x00000000d6e80000,0x00000000d6e80000,0x00000000d7280000)
 ParOldGen       total 68608K, used 1369K [0x0000000080000000, 0x0000000084300000, 0x00000000d5580000)
  object space 68608K, 1% used [0x0000000080000000,0x0000000080156688,0x0000000084300000)
 Metaspace       used 8130K, committed 8448K, reserved 1114112K
  class space    used 852K, committed 1024K, reserved 1048576K
}
Event: 2.150 GC heap before
{Heap before GC invocations=3 (full 0):
 PSYoungGen      total 29696K, used 29679K [0x00000000d5580000, 0x00000000d7680000, 0x0000000100000000)
  eden space 25600K, 100% used [0x00000000d5580000,0x00000000d6e80000,0x00000000d6e80000)
  from space 4096K, 99% used [0x00000000d7280000,0x00000000d767be30,0x00000000d7680000)
  to   space 4096K, 0% used [0x00000000d6e80000,0x00000000d6e80000,0x00000000d7280000)
 ParOldGen       total 68608K, used 1369K [0x0000000080000000, 0x0000000084300000, 0x00000000d5580000)
  object space 68608K, 1% used [0x0000000080000000,0x0000000080156688,0x0000000084300000)
 Metaspace       used 12867K, committed 13376K, reserved 1114112K
  class space    used 1369K, committed 1600K, reserved 1048576K
}
Event: 2.154 GC heap after
{Heap after GC invocations=3 (full 0):
 PSYoungGen      total 29696K, used 4094K [0x00000000d5580000, 0x00000000d7680000, 0x0000000100000000)
  eden space 25600K, 0% used [0x00000000d5580000,0x00000000d5580000,0x00000000d6e80000)
  from space 4096K, 99% used [0x00000000d6e80000,0x00000000d727f8a0,0x00000000d7280000)
  to   space 4096K, 0% used [0x00000000d7280000,0x00000000d7280000,0x00000000d7680000)
 ParOldGen       total 68608K, used 3210K [0x0000000080000000, 0x0000000084300000, 0x00000000d5580000)
  object space 68608K, 4% used [0x0000000080000000,0x0000000080322890,0x0000000084300000)
 Metaspace       used 12867K, committed 13376K, reserved 1114112K
  class space    used 1369K, committed 1600K, reserved 1048576K
}
Event: 2.701 GC heap before
{Heap before GC invocations=4 (full 0):
 PSYoungGen      total 29696K, used 29694K [0x00000000d5580000, 0x00000000d7680000, 0x0000000100000000)
  eden space 25600K, 100% used [0x00000000d5580000,0x00000000d6e80000,0x00000000d6e80000)
  from space 4096K, 99% used [0x00000000d6e80000,0x00000000d727f8a0,0x00000000d7280000)
  to   space 4096K, 0% used [0x00000000d7280000,0x00000000d7280000,0x00000000d7680000)
 ParOldGen       total 68608K, used 3210K [0x0000000080000000, 0x0000000084300000, 0x00000000d5580000)
  object space 68608K, 4% used [0x0000000080000000,0x0000000080322890,0x0000000084300000)
 Metaspace       used 15921K, committed 16512K, reserved 1114112K
  class space    used 1666K, committed 1920K, reserved 1048576K
}
Event: 2.704 GC heap after
{Heap after GC invocations=4 (full 0):
 PSYoungGen      total 29696K, used 4070K [0x00000000d5580000, 0x00000000d7680000, 0x0000000100000000)
  eden space 25600K, 0% used [0x00000000d5580000,0x00000000d5580000,0x00000000d6e80000)
  from space 4096K, 99% used [0x00000000d7280000,0x00000000d7679b08,0x00000000d7680000)
  to   space 4096K, 0% used [0x00000000d6e80000,0x00000000d6e80000,0x00000000d7280000)
 ParOldGen       total 68608K, used 6454K [0x0000000080000000, 0x0000000084300000, 0x00000000d5580000)
  object space 68608K, 9% used [0x0000000080000000,0x000000008064d808,0x0000000084300000)
 Metaspace       used 15921K, committed 16512K, reserved 1114112K
  class space    used 1666K, committed 1920K, reserved 1048576K
}
Event: 3.028 GC heap before
{Heap before GC invocations=5 (full 0):
 PSYoungGen      total 29696K, used 29670K [0x00000000d5580000, 0x00000000d7680000, 0x0000000100000000)
  eden space 25600K, 100% used [0x00000000d5580000,0x00000000d6e80000,0x00000000d6e80000)
  from space 4096K, 99% used [0x00000000d7280000,0x00000000d7679b08,0x00000000d7680000)
  to   space 4096K, 0% used [0x00000000d6e80000,0x00000000d6e80000,0x00000000d7280000)
 ParOldGen       total 68608K, used 6454K [0x0000000080000000, 0x0000000084300000, 0x00000000d5580000)
  object space 68608K, 9% used [0x0000000080000000,0x000000008064d808,0x0000000084300000)
 Metaspace       used 19881K, committed 20480K, reserved 1114112K
  class space    used 1955K, committed 2240K, reserved 1048576K
}
Event: 3.031 GC heap after
{Heap after GC invocations=5 (full 0):
 PSYoungGen      total 29184K, used 4091K [0x00000000d5580000, 0x00000000d7900000, 0x0000000100000000)
  eden space 25088K, 0% used [0x00000000d5580000,0x00000000d5580000,0x00000000d6e00000)
  from space 4096K, 99% used [0x00000000d6e80000,0x00000000d727ec98,0x00000000d7280000)
  to   space 5632K, 0% used [0x00000000d7380000,0x00000000d7380000,0x00000000d7900000)
 ParOldGen       total 68608K, used 6649K [0x0000000080000000, 0x0000000084300000, 0x00000000d5580000)
  object space 68608K, 9% used [0x0000000080000000,0x000000008067e570,0x0000000084300000)
 Metaspace       used 19881K, committed 20480K, reserved 1114112K
  class space    used 1955K, committed 2240K, reserved 1048576K
}
Event: 3.365 GC heap before
{Heap before GC invocations=6 (full 0):
 PSYoungGen      total 29184K, used 24270K [0x00000000d5580000, 0x00000000d7900000, 0x0000000100000000)
  eden space 25088K, 80% used [0x00000000d5580000,0x00000000d6934e18,0x00000000d6e00000)
  from space 4096K, 99% used [0x00000000d6e80000,0x00000000d727ec98,0x00000000d7280000)
  to   space 5632K, 0% used [0x00000000d7380000,0x00000000d7380000,0x00000000d7900000)
 ParOldGen       total 68608K, used 6649K [0x0000000080000000, 0x0000000084300000, 0x00000000d5580000)
  object space 68608K, 9% used [0x0000000080000000,0x000000008067e570,0x0000000084300000)
 Metaspace       used 20884K, committed 21504K, reserved 1114112K
  class space    used 2012K, committed 2304K, reserved 1048576K
}
Event: 3.369 GC heap after
{Heap after GC invocations=6 (full 0):
 PSYoungGen      total 30208K, used 5437K [0x00000000d5580000, 0x00000000d7a00000, 0x0000000100000000)
  eden space 24576K, 0% used [0x00000000d5580000,0x00000000d5580000,0x00000000d6d80000)
  from space 5632K, 96% used [0x00000000d7380000,0x00000000d78cf610,0x00000000d7900000)
  to   space 6144K, 0% used [0x00000000d6d80000,0x00000000d6d80000,0x00000000d7380000)
 ParOldGen       total 68608K, used 7438K [0x0000000080000000, 0x0000000084300000, 0x00000000d5580000)
  object space 68608K, 10% used [0x0000000080000000,0x0000000080743a80,0x0000000084300000)
 Metaspace       used 20884K, committed 21504K, reserved 1114112K
  class space    used 2012K, committed 2304K, reserved 1048576K
}
Event: 3.369 GC heap before
{Heap before GC invocations=7 (full 1):
 PSYoungGen      total 30208K, used 5437K [0x00000000d5580000, 0x00000000d7a00000, 0x0000000100000000)
  eden space 24576K, 0% used [0x00000000d5580000,0x00000000d5580000,0x00000000d6d80000)
  from space 5632K, 96% used [0x00000000d7380000,0x00000000d78cf610,0x00000000d7900000)
  to   space 6144K, 0% used [0x00000000d6d80000,0x00000000d6d80000,0x00000000d7380000)
 ParOldGen       total 68608K, used 7438K [0x0000000080000000, 0x0000000084300000, 0x00000000d5580000)
  object space 68608K, 10% used [0x0000000080000000,0x0000000080743a80,0x0000000084300000)
 Metaspace       used 20884K, committed 21504K, reserved 1114112K
  class space    used 2012K, committed 2304K, reserved 1048576K
}
Event: 3.390 GC heap after
{Heap after GC invocations=7 (full 1):
 PSYoungGen      total 30208K, used 0K [0x00000000d5580000, 0x00000000d7a00000, 0x0000000100000000)
  eden space 24576K, 0% used [0x00000000d5580000,0x00000000d5580000,0x00000000d6d80000)
  from space 5632K, 0% used [0x00000000d7380000,0x00000000d7380000,0x00000000d7900000)
  to   space 6144K, 0% used [0x00000000d6d80000,0x00000000d6d80000,0x00000000d7380000)
 ParOldGen       total 68608K, used 10382K [0x0000000080000000, 0x0000000084300000, 0x00000000d5580000)
  object space 68608K, 15% used [0x0000000080000000,0x0000000080a23950,0x0000000084300000)
 Metaspace       used 20871K, committed 21504K, reserved 1114112K
  class space    used 2008K, committed 2304K, reserved 1048576K
}

Dll operation events (9 events):
Event: 0.020 Loaded shared library c:\Users\±čÁöżř\.vscode\extensions\redhat.java-1.53.0-win32-x64\jre\21.0.10-win32-x86_64\bin\java.dll
Event: 0.064 Loaded shared library c:\Users\±čÁöżř\.vscode\extensions\redhat.java-1.53.0-win32-x64\jre\21.0.10-win32-x86_64\bin\zip.dll
Event: 0.151 Loaded shared library C:\Users\±čÁöżř\.vscode\extensions\redhat.java-1.53.0-win32-x64\jre\21.0.10-win32-x86_64\bin\instrument.dll
Event: 0.161 Loaded shared library C:\Users\±čÁöżř\.vscode\extensions\redhat.java-1.53.0-win32-x64\jre\21.0.10-win32-x86_64\bin\net.dll
Event: 0.166 Loaded shared library C:\Users\±čÁöżř\.vscode\extensions\redhat.java-1.53.0-win32-x64\jre\21.0.10-win32-x86_64\bin\nio.dll
Event: 0.172 Loaded shared library C:\Users\±čÁöżř\.vscode\extensions\redhat.java-1.53.0-win32-x64\jre\21.0.10-win32-x86_64\bin\zip.dll
Event: 0.202 Loaded shared library C:\Users\±čÁöżř\.vscode\extensions\redhat.java-1.53.0-win32-x64\jre\21.0.10-win32-x86_64\bin\jimage.dll
Event: 0.334 Loaded shared library c:\Users\±čÁöżř\.vscode\extensions\redhat.java-1.53.0-win32-x64\jre\21.0.10-win32-x86_64\bin\verify.dll
Event: 1.613 Loaded shared library C:\Users\±čÁöżř\AppData\Roaming\Code\User\globalStorage\redhat.java\1.53.0\config_ss_win\org.eclipse.equinox.launcher\org.eclipse.equinox.launcher.win32.win32.x86_64_1.3.0.v20260203-2149\eclipse_11919.dll

Deoptimization events (20 events):
Event: 3.493 Thread 0x000001ca0794db10 Uncommon trap: trap_request=0xffffffc6 fr.pc=0x000001ca2cd7e19c relative=0x0000000000000a9c
Event: 3.493 Thread 0x000001ca0794db10 Uncommon trap: reason=bimorphic_or_optimized_type_check action=maybe_recompile pc=0x000001ca2cd7e19c method=java.util.HashMap.putVal(ILjava/lang/Object;Ljava/lang/Object;ZZ)Ljava/lang/Object; @ 56 c2
Event: 3.493 Thread 0x000001ca0794db10 DEOPT PACKING pc=0x000001ca2cd7e19c sp=0x00000021700fda60
Event: 3.493 Thread 0x000001ca0794db10 DEOPT UNPACKING pc=0x000001ca2c773aa2 sp=0x00000021700fd9c8 mode 2
Event: 3.493 Thread 0x000001ca0794db10 Uncommon trap: trap_request=0xffffffc6 fr.pc=0x000001ca2cd7e19c relative=0x0000000000000a9c
Event: 3.493 Thread 0x000001ca0794db10 Uncommon trap: reason=bimorphic_or_optimized_type_check action=maybe_recompile pc=0x000001ca2cd7e19c method=java.util.HashMap.putVal(ILjava/lang/Object;Ljava/lang/Object;ZZ)Ljava/lang/Object; @ 56 c2
Event: 3.493 Thread 0x000001ca0794db10 DEOPT PACKING pc=0x000001ca2cd7e19c sp=0x00000021700fda60
Event: 3.493 Thread 0x000001ca0794db10 DEOPT UNPACKING pc=0x000001ca2c773aa2 sp=0x00000021700fd9c8 mode 2
Event: 3.493 Thread 0x000001ca0794db10 Uncommon trap: trap_request=0xffffffc6 fr.pc=0x000001ca2cd7e19c relative=0x0000000000000a9c
Event: 3.493 Thread 0x000001ca0794db10 Uncommon trap: reason=bimorphic_or_optimized_type_check action=maybe_recompile pc=0x000001ca2cd7e19c method=java.util.HashMap.putVal(ILjava/lang/Object;Ljava/lang/Object;ZZ)Ljava/lang/Object; @ 56 c2
Event: 3.493 Thread 0x000001ca0794db10 DEOPT PACKING pc=0x000001ca2cd7e19c sp=0x00000021700fda60
Event: 3.493 Thread 0x000001ca0794db10 DEOPT UNPACKING pc=0x000001ca2c773aa2 sp=0x00000021700fd9c8 mode 2
Event: 3.493 Thread 0x000001ca0794db10 Uncommon trap: trap_request=0xffffffc6 fr.pc=0x000001ca2cd7e19c relative=0x0000000000000a9c
Event: 3.493 Thread 0x000001ca0794db10 Uncommon trap: reason=bimorphic_or_optimized_type_check action=maybe_recompile pc=0x000001ca2cd7e19c method=java.util.HashMap.putVal(ILjava/lang/Object;Ljava/lang/Object;ZZ)Ljava/lang/Object; @ 56 c2
Event: 3.493 Thread 0x000001ca0794db10 DEOPT PACKING pc=0x000001ca2cd7e19c sp=0x00000021700fda60
Event: 3.493 Thread 0x000001ca0794db10 DEOPT UNPACKING pc=0x000001ca2c773aa2 sp=0x00000021700fd9c8 mode 2
Event: 3.507 Thread 0x000001ca0794db10 Uncommon trap: trap_request=0xffffff45 fr.pc=0x000001ca2ce0ede0 relative=0x0000000000000900
Event: 3.507 Thread 0x000001ca0794db10 Uncommon trap: reason=unstable_if action=reinterpret pc=0x000001ca2ce0ede0 method=java.util.regex.Pattern$BmpCharPropertyGreedy.match(Ljava/util/regex/Matcher;ILjava/lang/CharSequence;)Z @ 12 c2
Event: 3.507 Thread 0x000001ca0794db10 DEOPT PACKING pc=0x000001ca2ce0ede0 sp=0x00000021700fd650
Event: 3.507 Thread 0x000001ca0794db10 DEOPT UNPACKING pc=0x000001ca2c773aa2 sp=0x00000021700fd518 mode 2

Classes loaded (20 events):
Event: 3.520 Loading class sun/nio/ch/SelChImpl done
Event: 3.520 Loading class java/nio/channels/SocketChannel
Event: 3.521 Loading class java/nio/channels/NetworkChannel
Event: 3.521 Loading class java/nio/channels/NetworkChannel done
Event: 3.521 Loading class java/nio/channels/spi/AbstractSelectableChannel
Event: 3.521 Loading class java/nio/channels/SelectableChannel
Event: 3.521 Loading class java/nio/channels/SelectableChannel done
Event: 3.521 Loading class java/nio/channels/spi/AbstractSelectableChannel done
Event: 3.521 Loading class java/nio/channels/SocketChannel done
Event: 3.521 Loading class sun/nio/ch/SocketChannelImpl done
Event: 3.521 Loading class sun/nio/ch/ChannelOutputStream
Event: 3.521 Loading class sun/nio/ch/ChannelOutputStream done
Event: 3.521 Loading class sun/nio/ch/Util$BufferCache
Event: 3.521 Loading class sun/nio/ch/Util$BufferCache done
Event: 3.522 Loading class java/nio/DirectByteBuffer$Deallocator
Event: 3.522 Loading class java/nio/DirectByteBuffer$Deallocator done
Event: 3.522 Loading class java/nio/file/StandardCopyOption
Event: 3.522 Loading class java/nio/file/StandardCopyOption done
Event: 3.522 Loading class sun/nio/fs/WindowsFileCopy
Event: 3.522 Loading class sun/nio/fs/WindowsFileCopy done

Classes unloaded (7 events):
Event: 3.372 Thread 0x000001ca220a1ae0 Unloading class 0x000001ca3a198800 'java/lang/invoke/LambdaForm$MH+0x000001ca3a198800'
Event: 3.372 Thread 0x000001ca220a1ae0 Unloading class 0x000001ca3a198400 'java/lang/invoke/LambdaForm$MH+0x000001ca3a198400'
Event: 3.372 Thread 0x000001ca220a1ae0 Unloading class 0x000001ca3a198000 'java/lang/invoke/LambdaForm$MH+0x000001ca3a198000'
Event: 3.372 Thread 0x000001ca220a1ae0 Unloading class 0x000001ca3a197c00 'java/lang/invoke/LambdaForm$MH+0x000001ca3a197c00'
Event: 3.372 Thread 0x000001ca220a1ae0 Unloading class 0x000001ca3a197800 'java/lang/invoke/LambdaForm$BMH+0x000001ca3a197800'
Event: 3.372 Thread 0x000001ca220a1ae0 Unloading class 0x000001ca3a197400 'java/lang/invoke/LambdaForm$DMH+0x000001ca3a197400'
Event: 3.372 Thread 0x000001ca220a1ae0 Unloading class 0x000001ca3a196400 'java/lang/invoke/LambdaForm$DMH+0x000001ca3a196400'

Classes redefined (0 events):
No events

Internal exceptions (20 events):
Event: 2.402 Thread 0x000001ca0794db10 Exception <a 'java/lang/NoSuchMethodError'{0x00000000d5f29248}: 'java.lang.Object java.lang.invoke.DirectMethodHandle$Holder.newInvokeSpecial(java.lang.Object, java.lang.Object, java.lang.Object, java.lang.Object, java.lang.Object)'> (0x00000000d5f29248) 
thrown [s\src\hotspot\share\interpreter\linkResolver.cpp, line 773]
Event: 2.480 Thread 0x000001ca0794db10 Exception <a 'java/lang/NoSuchMethodError'{0x00000000d600c2b0}: 'java.lang.Object java.lang.invoke.DirectMethodHandle$Holder.invokeSpecial(java.lang.Object, java.lang.Object, java.lang.Object, long, java.lang.Object)'> (0x00000000d600c2b0) 
thrown [s\src\hotspot\share\interpreter\linkResolver.cpp, line 773]
Event: 2.480 Thread 0x000001ca0794db10 Exception <a 'java/lang/NoSuchMethodError'{0x00000000d6013af8}: 'java.lang.Object java.lang.invoke.DirectMethodHandle$Holder.newInvokeSpecial(java.lang.Object, java.lang.Object, java.lang.Object, long)'> (0x00000000d6013af8) 
thrown [s\src\hotspot\share\interpreter\linkResolver.cpp, line 773]
Event: 2.481 Thread 0x000001ca0794db10 Exception <a 'java/lang/NoSuchMethodError'{0x00000000d6017ea8}: 'java.lang.Object java.lang.invoke.DirectMethodHandle$Holder.invokeSpecial(java.lang.Object, java.lang.Object, java.lang.Object, java.lang.Object, long)'> (0x00000000d6017ea8) 
thrown [s\src\hotspot\share\interpreter\linkResolver.cpp, line 773]
Event: 2.481 Thread 0x000001ca0794db10 Exception <a 'java/lang/NoSuchMethodError'{0x00000000d601bac8}: 'java.lang.Object java.lang.invoke.Invokers$Holder.linkToTargetMethod(java.lang.Object, java.lang.Object, long, java.lang.Object)'> (0x00000000d601bac8) 
thrown [s\src\hotspot\share\interpreter\linkResolver.cpp, line 773]
Event: 2.489 Thread 0x000001ca0794db10 Exception <a 'java/lang/NoSuchMethodError'{0x00000000d6075280}: 'int java.lang.invoke.DirectMethodHandle$Holder.invokeStaticInit(java.lang.Object, java.lang.Object, java.lang.Object)'> (0x00000000d6075280) 
thrown [s\src\hotspot\share\interpreter\linkResolver.cpp, line 773]
Event: 2.503 Thread 0x000001ca0794db10 Exception <a 'java/lang/IncompatibleClassChangeError'{0x00000000d6113378}: Found class java.lang.Object, but interface was expected> (0x00000000d6113378) 
thrown [s\src\hotspot\share\interpreter\linkResolver.cpp, line 840]
Event: 2.505 Thread 0x000001ca0794db10 Exception <a 'java/lang/NoSuchMethodError'{0x00000000d61171d8}: 'java.lang.Object java.lang.invoke.DirectMethodHandle$Holder.invokeSpecial(java.lang.Object, java.lang.Object, java.lang.Object, int, java.lang.Object, java.lang.Object)'> (0x00000000d61171d8) 
thrown [s\src\hotspot\share\interpreter\linkResolver.cpp, line 773]
Event: 2.507 Thread 0x000001ca0794db10 Exception <a 'java/lang/NoSuchMethodError'{0x00000000d611ecb0}: 'java.lang.Object java.lang.invoke.DirectMethodHandle$Holder.newInvokeSpecial(java.lang.Object, java.lang.Object, java.lang.Object, int, java.lang.Object)'> (0x00000000d611ecb0) 
thrown [s\src\hotspot\share\interpreter\linkResolver.cpp, line 773]
Event: 2.517 Thread 0x000001ca0794db10 Exception <a 'java/lang/NoSuchMethodError'{0x00000000d6122c30}: 'java.lang.Object java.lang.invoke.DirectMethodHandle$Holder.invokeSpecial(java.lang.Object, java.lang.Object, java.lang.Object, java.lang.Object, int, java.lang.Object)'> (0x00000000d6122c30) 
thrown [s\src\hotspot\share\interpreter\linkResolver.cpp, line 773]
Event: 2.517 Thread 0x000001ca0794db10 Exception <a 'java/lang/NoSuchMethodError'{0x00000000d6126770}: 'java.lang.Object java.lang.invoke.Invokers$Holder.linkToTargetMethod(java.lang.Object, java.lang.Object, int, java.lang.Object, java.lang.Object)'> (0x00000000d6126770) 
thrown [s\src\hotspot\share\interpreter\linkResolver.cpp, line 773]
Event: 2.518 Thread 0x000001ca0794eec0 Exception <a 'java/lang/NoSuchMethodError'{0x00000000d6161cc0}: 'java.lang.Object java.lang.invoke.DirectMethodHandle$Holder.invokeSpecial(java.lang.Object, java.lang.Object, int, java.lang.Object, java.lang.Object)'> (0x00000000d6161cc0) 
thrown [s\src\hotspot\share\interpreter\linkResolver.cpp, line 773]
Event: 2.518 Thread 0x000001ca0794eec0 Exception <a 'java/lang/NoSuchMethodError'{0x00000000d61689f8}: 'java.lang.Object java.lang.invoke.DirectMethodHandle$Holder.newInvokeSpecial(java.lang.Object, java.lang.Object, int, java.lang.Object)'> (0x00000000d61689f8) 
thrown [s\src\hotspot\share\interpreter\linkResolver.cpp, line 773]
Event: 2.519 Thread 0x000001ca0794eec0 Exception <a 'java/lang/NoSuchMethodError'{0x00000000d616c2d8}: 'java.lang.Object java.lang.invoke.DirectMethodHandle$Holder.invokeSpecial(java.lang.Object, java.lang.Object, java.lang.Object, int, java.lang.Object)'> (0x00000000d616c2d8) 
thrown [s\src\hotspot\share\interpreter\linkResolver.cpp, line 773]
Event: 2.544 Thread 0x000001ca0794db10 Exception <a 'java/lang/NoSuchMethodError'{0x00000000d62904b0}: 'void java.lang.invoke.DirectMethodHandle$Holder.invokeSpecial(java.lang.Object, java.lang.Object, java.lang.Object, java.lang.Object, java.lang.Object)'> (0x00000000d62904b0) 
thrown [s\src\hotspot\share\interpreter\linkResolver.cpp, line 773]
Event: 2.555 Thread 0x000001ca0794db10 Exception <a 'java/lang/NoSuchMethodError'{0x00000000d6330f68}: 'double java.lang.invoke.DirectMethodHandle$Holder.invokeStatic(java.lang.Object, java.lang.Object)'> (0x00000000d6330f68) 
thrown [s\src\hotspot\share\interpreter\linkResolver.cpp, line 773]
Event: 2.556 Thread 0x000001ca0794db10 Exception <a 'java/lang/NoSuchMethodError'{0x00000000d6334628}: 'double java.lang.invoke.DirectMethodHandle$Holder.invokeStaticInit(java.lang.Object, java.lang.Object)'> (0x00000000d6334628) 
thrown [s\src\hotspot\share\interpreter\linkResolver.cpp, line 773]
Event: 2.976 Thread 0x000001ca0794db10 Implicit null exception at 0x000001ca2cdf14f5 to 0x000001ca2cdf15e8
Event: 3.418 Thread 0x000001ca0794db10 Exception <a 'java/lang/NoSuchMethodError'{0x00000000d5799980}: 'java.lang.Object java.lang.invoke.DirectMethodHandle$Holder.newInvokeSpecial(java.lang.Object, int, java.lang.Object, java.lang.Object)'> (0x00000000d5799980) 
thrown [s\src\hotspot\share\interpreter\linkResolver.cpp, line 773]
Event: 3.499 Thread 0x000001ca0794db10 Exception <a 'sun/nio/fs/WindowsException'{0x00000000d59b0c90}> (0x00000000d59b0c90) 
thrown [s\src\hotspot\share\prims\jni.cpp, line 520]

ZGC Phase Switch (0 events):
No events

VM Operations (20 events):
Event: 1.596 Executing safepoint VM operation: ParallelGCFailedAllocation (Allocation Failure)
Event: 1.602 Executing safepoint VM operation: ParallelGCFailedAllocation (Allocation Failure) done
Event: 1.779 Executing non-safepoint VM operation: HandshakeAllThreads (Deoptimize)
Event: 1.780 Executing non-safepoint VM operation: HandshakeAllThreads (Deoptimize) done
Event: 2.047 Executing non-safepoint VM operation: HandshakeAllThreads (Deoptimize)
Event: 2.047 Executing non-safepoint VM operation: HandshakeAllThreads (Deoptimize) done
Event: 2.150 Executing safepoint VM operation: ParallelGCFailedAllocation (Allocation Failure)
Event: 2.154 Executing safepoint VM operation: ParallelGCFailedAllocation (Allocation Failure) done
Event: 2.306 Executing non-safepoint VM operation: HandshakeAllThreads (Deoptimize)
Event: 2.306 Executing non-safepoint VM operation: HandshakeAllThreads (Deoptimize) done
Event: 2.312 Executing non-safepoint VM operation: HandshakeAllThreads (Deoptimize)
Event: 2.312 Executing non-safepoint VM operation: HandshakeAllThreads (Deoptimize) done
Event: 2.701 Executing safepoint VM operation: ParallelGCFailedAllocation (Allocation Failure)
Event: 2.704 Executing safepoint VM operation: ParallelGCFailedAllocation (Allocation Failure) done
Event: 3.028 Executing safepoint VM operation: ParallelGCFailedAllocation (Allocation Failure)
Event: 3.031 Executing safepoint VM operation: ParallelGCFailedAllocation (Allocation Failure) done
Event: 3.365 Executing safepoint VM operation: CollectForMetadataAllocation (Metadata GC Threshold)
Event: 3.390 Executing safepoint VM operation: CollectForMetadataAllocation (Metadata GC Threshold) done
Event: 3.488 Executing non-safepoint VM operation: HandshakeAllThreads (Deoptimize)
Event: 3.493 Executing non-safepoint VM operation: HandshakeAllThreads (Deoptimize) done

Memory protections (0 events):
No events

Nmethod flushes (0 events):
No events

Events (20 events):
Event: 0.079 Thread 0x000001ca21fe43c0 Thread added: 0x000001ca04015650
Event: 0.079 Thread 0x000001ca21fe43c0 Thread added: 0x000001ca040170c0
Event: 0.079 Thread 0x000001ca21fe43c0 Thread added: 0x000001ca04018310
Event: 0.080 Thread 0x000001ca21fe43c0 Thread added: 0x000001ca0403d600
Event: 0.154 Thread 0x000001ca21fe43c0 Thread added: 0x000001ca04205c30
Event: 0.485 Thread 0x000001ca21fe43c0 Thread added: 0x000001ca0434c810
Event: 0.489 Thread 0x000001ca0403d600 Thread added: 0x000001ca0434efd0
Event: 0.614 Thread 0x000001ca0403d600 Thread added: 0x000001ca043eb0a0
Event: 1.261 Thread 0x000001ca21fe43c0 Thread added: 0x000001ca0794cdf0
Event: 1.604 Thread 0x000001ca21fe43c0 Thread added: 0x000001ca0794f550
Event: 1.608 Thread 0x000001ca21fe43c0 Thread added: 0x000001ca0794db10
Event: 1.763 Thread 0x000001ca0794db10 Thread added: 0x000001ca0794d480
Event: 2.095 Thread 0x000001ca0794db10 Thread added: 0x000001ca0794e1a0
Event: 2.481 Thread 0x000001ca043eb0a0 Thread exited: 0x000001ca043eb0a0
Event: 2.485 Thread 0x000001ca0794db10 Thread added: 0x000001ca0794eec0
Event: 2.522 Thread 0x000001ca0794db10 Thread added: 0x000001ca0794c0d0
Event: 2.973 Thread 0x000001ca0434efd0 Thread exited: 0x000001ca0434efd0
Event: 3.154 Thread 0x000001ca0403d600 Thread added: 0x000001ca07706f90
Event: 3.155 Thread 0x000001ca0403d600 Thread added: 0x000001ca089690f0
Event: 3.396 Thread 0x000001ca0794db10 Thread added: 0x000001ca0794c760


Dynamic libraries:
0x00007ff7d66f0000 - 0x00007ff7d66fe000 	c:\Users\±čÁöżř\.vscode\extensions\redhat.java-1.53.0-win32-x64\jre\21.0.10-win32-x86_64\bin\java.exe
0x00007fffbce70000 - 0x00007fffbd068000 	C:\WINDOWS\SYSTEM32\ntdll.dll
0x00007fffbcb10000 - 0x00007fffbcbd2000 	C:\WINDOWS\System32\KERNEL32.DLL
0x00007fffbaa90000 - 0x00007fffbad8e000 	C:\WINDOWS\System32\KERNELBASE.dll
0x00007fffbad90000 - 0x00007fffbae90000 	C:\WINDOWS\System32\ucrtbase.dll
0x00007fffab3d0000 - 0x00007fffab3e8000 	c:\Users\±čÁöżř\.vscode\extensions\redhat.java-1.53.0-win32-x64\jre\21.0.10-win32-x86_64\bin\jli.dll
0x00007fffbcc90000 - 0x00007fffbce2d000 	C:\WINDOWS\System32\USER32.dll
0x00007fffba9c0000 - 0x00007fffba9e2000 	C:\WINDOWS\System32\win32u.dll
0x00007fffbcad0000 - 0x00007fffbcafb000 	C:\WINDOWS\System32\GDI32.dll
0x00007fffba510000 - 0x00007fffba627000 	C:\WINDOWS\System32\gdi32full.dll
0x00007fffba710000 - 0x00007fffba7ad000 	C:\WINDOWS\System32\msvcp_win.dll
0x00007fffac680000 - 0x00007fffac91a000 	C:\WINDOWS\WinSxS\amd64_microsoft.windows.common-controls_6595b64144ccf1df_6.0.19041.4355_none_60b8b9eb71f62e16\COMCTL32.dll
0x00007fffbb080000 - 0x00007fffbb11e000 	C:\WINDOWS\System32\msvcrt.dll
0x00007fffada10000 - 0x00007fffada2e000 	c:\Users\±čÁöżř\.vscode\extensions\redhat.java-1.53.0-win32-x64\jre\21.0.10-win32-x86_64\bin\VCRUNTIME140.dll
0x00007fffbb120000 - 0x00007fffbb14f000 	C:\WINDOWS\System32\IMM32.DLL
0x00007fffb26f0000 - 0x00007fffb26fc000 	c:\Users\±čÁöżř\.vscode\extensions\redhat.java-1.53.0-win32-x64\jre\21.0.10-win32-x86_64\bin\vcruntime140_1.dll
0x00007fff93000000 - 0x00007fff9308d000 	c:\Users\±čÁöżř\.vscode\extensions\redhat.java-1.53.0-win32-x64\jre\21.0.10-win32-x86_64\bin\msvcp140.dll
0x00007fff6d480000 - 0x00007fff6e221000 	c:\Users\±čÁöżř\.vscode\extensions\redhat.java-1.53.0-win32-x64\jre\21.0.10-win32-x86_64\bin\server\jvm.dll
0x00007fffbbf30000 - 0x00007fffbbfe1000 	C:\WINDOWS\System32\ADVAPI32.dll
0x00007fffbc7e0000 - 0x00007fffbc87f000 	C:\WINDOWS\System32\sechost.dll
0x00007fffbb150000 - 0x00007fffbb273000 	C:\WINDOWS\System32\RPCRT4.dll
0x00007fffbaa60000 - 0x00007fffbaa87000 	C:\WINDOWS\System32\bcrypt.dll
0x00007fffbbec0000 - 0x00007fffbbf2b000 	C:\WINDOWS\System32\WS2_32.dll
0x00007fffb9aa0000 - 0x00007fffb9aeb000 	C:\WINDOWS\SYSTEM32\POWRPROF.dll
0x00007fffaa3e0000 - 0x00007fffaa407000 	C:\WINDOWS\SYSTEM32\WINMM.dll
0x00007fffb3950000 - 0x00007fffb395a000 	C:\WINDOWS\SYSTEM32\VERSION.dll
0x00007fffb9910000 - 0x00007fffb9922000 	C:\WINDOWS\SYSTEM32\UMPDC.dll
0x00007fffb8390000 - 0x00007fffb83a2000 	C:\WINDOWS\SYSTEM32\kernel.appcore.dll
0x00007fffadb50000 - 0x00007fffadb5a000 	c:\Users\±čÁöżř\.vscode\extensions\redhat.java-1.53.0-win32-x64\jre\21.0.10-win32-x86_64\bin\jimage.dll
0x00007fffa8f50000 - 0x00007fffa9134000 	C:\WINDOWS\SYSTEM32\DBGHELP.DLL
0x00007fffa4500000 - 0x00007fffa4534000 	C:\WINDOWS\SYSTEM32\dbgcore.DLL
0x00007fffba630000 - 0x00007fffba6b2000 	C:\WINDOWS\System32\bcryptPrimitives.dll
0x00007fffb4ef0000 - 0x00007fffb4eff000 	c:\Users\±čÁöżř\.vscode\extensions\redhat.java-1.53.0-win32-x64\jre\21.0.10-win32-x86_64\bin\instrument.dll
0x00007fffa4090000 - 0x00007fffa40b0000 	c:\Users\±čÁöżř\.vscode\extensions\redhat.java-1.53.0-win32-x64\jre\21.0.10-win32-x86_64\bin\java.dll
0x00007fffbc070000 - 0x00007fffbc7dd000 	C:\WINDOWS\System32\SHELL32.dll
0x00007fffb8590000 - 0x00007fffb8d34000 	C:\WINDOWS\SYSTEM32\windows.storage.dll
0x00007fffbb960000 - 0x00007fffbbcb3000 	C:\WINDOWS\System32\combase.dll
0x00007fffb9f40000 - 0x00007fffb9f6e000 	C:\WINDOWS\SYSTEM32\Wldp.dll
0x00007fffbaf50000 - 0x00007fffbb01d000 	C:\WINDOWS\System32\OLEAUT32.dll
0x00007fffbb310000 - 0x00007fffbb3bd000 	C:\WINDOWS\System32\SHCORE.dll
0x00007fffbb020000 - 0x00007fffbb075000 	C:\WINDOWS\System32\shlwapi.dll
0x00007fffba440000 - 0x00007fffba464000 	C:\WINDOWS\SYSTEM32\profapi.dll
0x00007fffa44e0000 - 0x00007fffa44f8000 	c:\Users\±čÁöżř\.vscode\extensions\redhat.java-1.53.0-win32-x64\jre\21.0.10-win32-x86_64\bin\zip.dll
0x00007fffab530000 - 0x00007fffab540000 	C:\Users\±čÁöżř\.vscode\extensions\redhat.java-1.53.0-win32-x64\jre\21.0.10-win32-x86_64\bin\net.dll
0x00007fffb3250000 - 0x00007fffb335d000 	C:\WINDOWS\SYSTEM32\WINHTTP.dll
0x00007fffb9ca0000 - 0x00007fffb9d0a000 	C:\WINDOWS\system32\mswsock.dll
0x00007fffa4040000 - 0x00007fffa4056000 	C:\Users\±čÁöżř\.vscode\extensions\redhat.java-1.53.0-win32-x64\jre\21.0.10-win32-x86_64\bin\nio.dll
0x00007fffab3a0000 - 0x00007fffab3b0000 	c:\Users\±čÁöżř\.vscode\extensions\redhat.java-1.53.0-win32-x64\jre\21.0.10-win32-x86_64\bin\verify.dll
0x00007fffab470000 - 0x00007fffab4b5000 	C:\Users\±čÁöżř\AppData\Roaming\Code\User\globalStorage\redhat.java\1.53.0\config_ss_win\org.eclipse.equinox.launcher\org.eclipse.equinox.launcher.win32.win32.x86_64_1.3.0.v20260203-2149\eclipse_11919.dll
0x00007fffbb3c0000 - 0x00007fffbb4eb000 	C:\WINDOWS\System32\ole32.dll
0x00007fffb9ea0000 - 0x00007fffb9eb8000 	C:\WINDOWS\SYSTEM32\CRYPTSP.dll
0x00007fffb9550000 - 0x00007fffb9584000 	C:\WINDOWS\system32\rsaenh.dll
0x00007fffba400000 - 0x00007fffba42e000 	C:\WINDOWS\SYSTEM32\USERENV.dll
0x00007fffb9e90000 - 0x00007fffb9e9c000 	C:\WINDOWS\SYSTEM32\CRYPTBASE.dll
0x00007fffb9930000 - 0x00007fffb996b000 	C:\WINDOWS\SYSTEM32\IPHLPAPI.DLL
0x00007fffbca30000 - 0x00007fffbca38000 	C:\WINDOWS\System32\NSI.dll

JVMTI agents:
c:\Users\±čÁöżř\.vscode\extensions\redhat.java-1.53.0-win32-x64\lombok\lombok-1.18.39-4050.jar path:c:\Users\±čÁöżř\.vscode\extensions\redhat.java-1.53.0-win32-x64\jre\21.0.10-win32-x86_64\bin\instrument.dll, loaded, initialized, instrumentlib options:none

dbghelp: loaded successfully - version: 4.0.5 - missing functions: none
symbol engine: initialized successfully - sym options: 0x614 - pdb path: .;c:\Users\±čÁöżř\.vscode\extensions\redhat.java-1.53.0-win32-x64\jre\21.0.10-win32-x86_64\bin;C:\WINDOWS\SYSTEM32;C:\WINDOWS\WinSxS\amd64_microsoft.windows.common-controls_6595b64144ccf1df_6.0.19041.4355_none_60b8b9eb71f62e16;c:\Users\±čÁöżř\.vscode\extensions\redhat.java-1.53.0-win32-x64\jre\21.0.10-win32-x86_64\bin\;c:\Users\±čÁöżř\.vscode\extensions\redhat.java-1.53.0-win32-x64\jre\21.0.10-win32-x86_64\b;c:\Users\±čÁöżř\.vscode\extensions\redhat.java-1.53.0-win32-x64\jre\21.0.10-win32-x86_6;c:\Users\±čÁöżř\.vscode\extensions\redhat.java-1.53.0-win32-x64\jre\21.0.10-win32-x8;c:\Users\±čÁöżř\.vscode\extensions\redhat.java-1.53.0-win32-x64\jre\21.0.10-win32;c:\Users\±čÁöżř\.vscode\extensions\redhat.java-1.53.0-win32-x64\jre\21.0.10-wi;c:\Users\±čÁöżř\.vscode\extensions\redhat.java-1.53.0-win32-x64\jre\21.0.10-win32-x86_64\bin\server;C:\Users\±čÁöżř\AppData\Roaming\Code\User\globalStorage\redhat.java\1.53.0\config_ss_win\org.eclipse.equinox.launcher\org.eclipse.equinox.launcher.win32.win32.;C:\Users\±čÁöżř\AppData\Roaming\Code\User\globalStorage\redhat.java\1.53.0\config_ss_win\org.eclipse.equinox.launcher\org.eclipse.equinox.launcher.win32.win;C:\Users\±čÁöżř\AppData\Roaming\Code\User\globalStorage\redhat.java\1.53.0\config_ss_win\org.eclipse.equinox.launcher\org.eclipse.equinox.launcher.win32.;C:\Users\±čÁöżř\AppData\Roaming\Code\User\globalStorage\redhat.java\1.53.0\config_ss_win\org.eclipse.equinox.launcher\org.eclipse.equinox.launcher.win;C:\Users\±čÁöżř\AppData\Roaming\Code\User\globalStorage\redhat.java\1.53.0\config_ss_win\org.eclipse.equinox.launcher\org.eclipse.equinox.launcher.;C:\Users\±čÁöżř\AppData\Roaming\Code\User\globalStorage\redhat.java\1.53.0\config_ss_win\org.eclipse.equinox.launcher\org.eclipse.equinox.launch

VM Arguments:
jvm_args: --add-modules=ALL-SYSTEM --add-opens=java.base/java.util=ALL-UNNAMED --add-opens=java.base/java.lang=ALL-UNNAMED --add-opens=java.base/sun.nio.fs=ALL-UNNAMED -Declipse.application=org.eclipse.jdt.ls.core.id1 -Dosgi.bundles.defaultStartLevel=4 -Declipse.product=org.eclipse.jdt.ls.core.product -Djava.import.generatesMetadataFilesAtProjectRoot=false -DDetectVMInstallationsJob.disabled=true -Dfile.encoding=utf8 -XX:+UseParallelGC -XX:GCTimeRatio=4 -XX:AdaptiveSizePolicyWeight=90 -Dsun.zip.disableMemoryMapping=true -Xmx2G -Xms100m -Xlog:disable -javaagent:c:\Users\±čÁöżř\.vscode\extensions\redhat.java-1.53.0-win32-x64\lombok\lombok-1.18.39-4050.jar 
java_command: c:\Users\±čÁöżř\.vscode\extensions\redhat.java-1.53.0-win32-x64\server\plugins\org.eclipse.equinox.launcher_1.7.100.v20251111-0406.jar -configuration c:\Users\±čÁöżř\AppData\Roaming\Code\User\globalStorage\redhat.java\1.53.0\config_ss_win -data c:\Users\±čÁöżř\AppData\Roaming\Code\User\workspaceStorage\d4a8573b4797f29adccac05eaacb501b\redhat.java\ss_ws --pipe=\\.\pipe\lsp-fc6c79367fcf3e91bbc4f5a19a884228-sock
java_class_path (initial): c:\Users\±čÁöżř\.vscode\extensions\redhat.java-1.53.0-win32-x64\server\plugins\org.eclipse.equinox.launcher_1.7.100.v20251111-0406.jar
Launcher Type: SUN_STANDARD

[Global flags]
    uintx AdaptiveSizePolicyWeight                 = 90                                        {product} {command line}
     intx CICompilerCount                          = 4                                         {product} {ergonomic}
    uintx GCTimeRatio                              = 4                                         {product} {command line}
   size_t InitialHeapSize                          = 104857600                                 {product} {command line}
   size_t MaxHeapSize                              = 2147483648                                {product} {command line}
   size_t MaxNewSize                               = 715653120                                 {product} {ergonomic}
   size_t MinHeapDeltaBytes                        = 524288                                    {product} {ergonomic}
   size_t MinHeapSize                              = 104857600                                 {product} {command line}
   size_t NewSize                                  = 34603008                                  {product} {ergonomic}
    uintx NonNMethodCodeHeapSize                   = 5839372                                {pd product} {ergonomic}
    uintx NonProfiledCodeHeapSize                  = 122909434                              {pd product} {ergonomic}
   size_t OldSize                                  = 70254592                                  {product} {ergonomic}
    uintx ProfiledCodeHeapSize                     = 122909434                              {pd product} {ergonomic}
    uintx ReservedCodeCacheSize                    = 251658240                              {pd product} {ergonomic}
     bool SegmentedCodeCache                       = true                                      {product} {ergonomic}
   size_t SoftMaxHeapSize                          = 2147483648                             {manageable} {ergonomic}
     bool UseCompressedOops                        = true                           {product lp64_product} {ergonomic}
     bool UseLargePagesIndividualAllocation        = false                                  {pd product} {ergonomic}
     bool UseParallelGC                            = true                                      {product} {command line}

Logging:
Log output configuration:
 #0: stdout all=off uptime,level,tags foldmultilines=false
 #1: stderr all=off uptime,level,tags foldmultilines=false

Release file:
JAVA_VERSION="21.0.10" 
MODULES="java.base java.compiler java.datatransfer java.xml java.prefs java.desktop java.instrument java.logging java.management java.security.sasl java.naming java.rmi java.management.rmi java.net.http java.scripting java.security.jgss java.transaction.xa java.sql java.sql.rowset java.xml.crypto java.se java.smartcardio jdk.accessibility jdk.internal.jvmstat jdk.attach jdk.charsets jdk.internal.opt jdk.zipfs jdk.compiler jdk.crypto.ec jdk.crypto.cryptoki jdk.crypto.mscapi jdk.dynalink jdk.internal.ed jdk.editpad jdk.hotspot.agent jdk.httpserver jdk.internal.le jdk.internal.vm.ci jdk.internal.vm.compiler jdk.internal.vm.compiler.management jdk.jartool jdk.javadoc jdk.jcmd jdk.management jdk.management.agent jdk.jconsole jdk.jdeps jdk.jdwp.agent jdk.jdi jdk.jfr jdk.jshell jdk.jsobject jdk.jstatd jdk.localedata jdk.management.jfr jdk.naming.dns jdk.naming.rmi jdk.net jdk.nio.mapmode jdk.random jdk.sctp jdk.security.auth jdk.security.jgss jdk.unsupported jdk.unsupported.desktop jdk.xml.dom" 

Environment Variables:
JAVA_HOME=C:\Program Files\Java\jdk-21
PATH=C:\Users\±čÁöżř\AppData\Local\Programs\Microsoft VS Code;C:\Program Files\Common Files\Oracle\Java\javapath;C:\Program Files\Eclipse Adoptium\jdk-17.0.15.6-hotspot\bin;C:\Python313\Scripts\;C:\Python313\;C:\Program Files (x86)\NAT Service;C:\Program Files (x86)\Intel\Intel(R) Management Engine Components\iCLS\;C:\Program Files\Intel\Intel(R) Management Engine Components\iCLS\;C:\Windows\system32;C:\Windows;C:\Windows\System32\Wbem;C:\Windows\System32\WindowsPowerShell\v1.0\;C:\Program Files (x86)\Intel\Intel(R) Management Engine Components\DAL;C:\Program Files\Intel\Intel(R) Management Engine Components\DAL;C:\Program Files\NVIDIA Corporation\NVIDIA NGX;C:\Program Files (x86)\NVIDIA Corporation\PhysX\Common;C:\WINDOWS\system32;C:\WINDOWS;C:\WINDOWS\System32\Wbem;C:\WINDOWS\System32\WindowsPowerShell\v1.0\;C:\WINDOWS\System32\OpenSSH\;C:\Program Files (x86)\ePapyrus\Papyrus-PlugIn-web;C:\Program Files (x86)\ePapyrus\Papyrus-PlugIn-web\Addins;C:\ProgramData\chocolatey\bin;C:\Program Files\Git\cmd;C:\Program Files\nodejs\;C:\Users\±čÁöżř\AppData\Local\Android\Sdk\platform-tools;C:\Users\±čÁöżř\AppData\Local\Android\Sdk\tools;C:\Users\±čÁöżř\AppData\Local\Android\Sdk\emulator;C:\Program Files\Java\jdk-21\bin;C:\Program Files\Java\jdk-21\bin;;C:\Program Files\NVIDIA Corporation\NVIDIA App\NvDLISR;D:\ĆÄŔĚĽ±\Scripts\;D:\ĆÄŔĚĽ±\;C:\Users\±čÁöżř\AppData\Local\Microsoft\WindowsApps;C:\Users\±čÁöżř\AppData\Local\Programs\Microsoft VS Code\bin;C:\flutter\bin;C:\Users\±čÁöżř\AppData\Roaming\npm
USERNAME=±čÁöżř
OS=Windows_NT
PROCESSOR_IDENTIFIER=Intel64 Family 6 Model 158 Stepping 10, GenuineIntel
TMP=C:\Users\±čÁöżř\AppData\Local\Temp
TEMP=C:\Users\±čÁöżř\AppData\Local\Temp




Periodic native trim disabled

---------------  S Y S T E M  ---------------

OS:
 Windows 10 , 64 bit Build 19041 (10.0.19041.5072)
OS uptime: 62 days 23:18 hours

CPU: total 12 (initial active 12) (6 cores per cpu, 2 threads per core) family 6 model 158 stepping 10 microcode 0xb4, cx8, cmov, fxsr, ht, mmx, 3dnowpref, sse, sse2, sse3, ssse3, sse4.1, sse4.2, popcnt, lzcnt, tsc, tscinvbit, avx, avx2, aes, erms, clmul, bmi1, bmi2, rtm, adx, fma, vzeroupper, clflush, clflushopt, rdtscp, f16c
Processor Information for the first 12 processors :
  Max Mhz: 3192, Current Mhz: 3192, Mhz Limit: 3192

Memory: 4k page, system-wide physical 32709M (12070M free)
TotalPageFile size 37693M (AvailPageFile size 32M)
current process WorkingSet (physical memory assigned to process): 156M, peak: 157M
current process commit charge ("private bytes"): 299M, peak: 299M

vm_info: OpenJDK 64-Bit Server VM (21.0.10+7-LTS) for windows-amd64 JRE (21.0.10+7-LTS), built on 2026-01-20T00:00:00Z by "admin" with MS VC++ 17.12 (VS2022)

END.
